[2021-04-19 08:59:42,860] multiqc                                            [DEBUG  ]  No MultiQC config found: /home/erubio/miniconda3/lib/python3.7/site-packages/multiqc_config.yaml
[2021-04-19 08:59:42,861] multiqc                                            [DEBUG  ]  No MultiQC config found: /home/erubio/.multiqc_config.yaml
[2021-04-19 08:59:42,861] multiqc                                            [DEBUG  ]  No MultiQC config found: multiqc_config.yaml
[2021-04-19 08:59:42,861] multiqc                                            [DEBUG  ]  Command used: /home/erubio/miniconda3/bin/multiqc .
[2021-04-19 08:59:43,329] multiqc                                            [DEBUG  ]  Latest MultiQC version is v1.10.1
[2021-04-19 08:59:43,329] multiqc                                            [INFO   ]  This is MultiQC v1.10.1
[2021-04-19 08:59:43,329] multiqc                                            [DEBUG  ]  Command     : /home/erubio/miniconda3/bin/multiqc .
[2021-04-19 08:59:43,330] multiqc                                            [DEBUG  ]  Working dir : /home/erubio/Documentos/UOCMaster/PRJNA307231/fastqc
[2021-04-19 08:59:43,330] multiqc                                            [INFO   ]  Template    : default
[2021-04-19 08:59:43,330] multiqc                                            [DEBUG  ]  Running Python 3.7.4 (default, Aug 13 2019, 20:35:49)  [GCC 7.3.0]
[2021-04-19 08:59:43,330] multiqc                                            [INFO   ]  Searching   : /home/erubio/Documentos/UOCMaster/PRJNA307231/fastqc
[2021-04-19 08:59:43,331] multiqc                                            [DEBUG  ]  Analysing modules: custom_content, ngsderive, purple, conpair, peddy, somalier, methylQA, mosdepth, phantompeakqualtools, qualimap, preseq, quast, qorts, rna_seqc, rockhopper, rsem, rseqc, busco, goleft_indexcov, disambiguate, supernova, deeptools, sargasso, verifybamid, mirtrace, happy, mirtop, homer, hops, macs2, theta2, snpeff, gatk, htseq, bcftools, featureCounts, fgbio, dragen, dedup, damageprofiler, biobambam2, jcvi, mtnucratio, picard, sentieon, prokka, qc3C, samblaster, samtools, sexdeterrmine, eigenstratdatabasetools, bamtools, jellyfish, vcftools, longranger, stacks, varscan2, bbmap, bismark, biscuit, hicexplorer, hicup, hicpro, salmon, kallisto, slamdunk, star, hisat2, tophat, bowtie2, bowtie1, snpsplit, kat, leehom, adapterRemoval, clipandmerge, cutadapt, flexbar, kaiju, kraken, malt, trimmomatic, sickle, skewer, sortmerna, biobloomtools, fastq_screen, afterqc, fastp, fastqc, pychopper, pycoqc, minionqc, multivcfanalyzer, clusterflow, bcl2fastq, interop, ivar, flash, seqyclean, optitype
[2021-04-19 08:59:43,331] multiqc                                            [DEBUG  ]  Using temporary directory for creating report: /tmp/tmparnnb27p
[2021-04-19 08:59:44,126] multiqc                                            [DEBUG  ]  File ignored by hicexplorer because it exceeded search pattern filesize limit: SRR6714076_1_fastqc.html
[2021-04-19 08:59:44,129] multiqc                                            [DEBUG  ]  File ignored by longranger/invocation because it exceeded search pattern filesize limit: SRR6714076_1_fastqc.html
[2021-04-19 08:59:44,129] multiqc                                            [DEBUG  ]  File ignored by rockhopper because it exceeded search pattern filesize limit: SRR6714076_1_fastqc.html
[2021-04-19 08:59:44,129] multiqc                                            [DEBUG  ]  File ignored by rseqc/bam_stat because it exceeded search pattern filesize limit: SRR6714076_1_fastqc.html
[2021-04-19 08:59:44,129] multiqc                                            [DEBUG  ]  File ignored by rseqc/junction_annotation because it exceeded search pattern filesize limit: SRR6714076_1_fastqc.html
[2021-04-19 08:59:44,129] multiqc                                            [DEBUG  ]  File ignored by rseqc/read_distribution because it exceeded search pattern filesize limit: SRR6714076_1_fastqc.html
[2021-04-19 08:59:44,130] multiqc                                            [DEBUG  ]  File ignored by rseqc/infer_experiment because it exceeded search pattern filesize limit: SRR6714076_1_fastqc.html
[2021-04-19 08:59:44,182] multiqc                                            [DEBUG  ]  File ignored by hicexplorer because it exceeded search pattern filesize limit: SRR6714078_1_fastqc.html
[2021-04-19 08:59:44,183] multiqc                                            [DEBUG  ]  File ignored by longranger/invocation because it exceeded search pattern filesize limit: SRR6714078_1_fastqc.html
[2021-04-19 08:59:44,183] multiqc                                            [DEBUG  ]  File ignored by rockhopper because it exceeded search pattern filesize limit: SRR6714078_1_fastqc.html
[2021-04-19 08:59:44,183] multiqc                                            [DEBUG  ]  File ignored by rseqc/bam_stat because it exceeded search pattern filesize limit: SRR6714078_1_fastqc.html
[2021-04-19 08:59:44,183] multiqc                                            [DEBUG  ]  File ignored by rseqc/junction_annotation because it exceeded search pattern filesize limit: SRR6714078_1_fastqc.html
[2021-04-19 08:59:44,183] multiqc                                            [DEBUG  ]  File ignored by rseqc/read_distribution because it exceeded search pattern filesize limit: SRR6714078_1_fastqc.html
[2021-04-19 08:59:44,183] multiqc                                            [DEBUG  ]  File ignored by rseqc/infer_experiment because it exceeded search pattern filesize limit: SRR6714078_1_fastqc.html
[2021-04-19 08:59:44,257] multiqc                                            [DEBUG  ]  File ignored by hicexplorer because it exceeded search pattern filesize limit: SRR6714075_1_fastqc.html
[2021-04-19 08:59:44,262] multiqc                                            [DEBUG  ]  File ignored by longranger/invocation because it exceeded search pattern filesize limit: SRR6714075_1_fastqc.html
[2021-04-19 08:59:44,262] multiqc                                            [DEBUG  ]  File ignored by rockhopper because it exceeded search pattern filesize limit: SRR6714075_1_fastqc.html
[2021-04-19 08:59:44,262] multiqc                                            [DEBUG  ]  File ignored by rseqc/bam_stat because it exceeded search pattern filesize limit: SRR6714075_1_fastqc.html
[2021-04-19 08:59:44,263] multiqc                                            [DEBUG  ]  File ignored by rseqc/junction_annotation because it exceeded search pattern filesize limit: SRR6714075_1_fastqc.html
[2021-04-19 08:59:44,263] multiqc                                            [DEBUG  ]  File ignored by rseqc/read_distribution because it exceeded search pattern filesize limit: SRR6714075_1_fastqc.html
[2021-04-19 08:59:44,263] multiqc                                            [DEBUG  ]  File ignored by rseqc/infer_experiment because it exceeded search pattern filesize limit: SRR6714075_1_fastqc.html
[2021-04-19 08:59:44,336] multiqc                                            [DEBUG  ]  File ignored by hicexplorer because it exceeded search pattern filesize limit: SRR6714074_1_fastqc.html
[2021-04-19 08:59:44,338] multiqc                                            [DEBUG  ]  File ignored by longranger/invocation because it exceeded search pattern filesize limit: SRR6714074_1_fastqc.html
[2021-04-19 08:59:44,338] multiqc                                            [DEBUG  ]  File ignored by rockhopper because it exceeded search pattern filesize limit: SRR6714074_1_fastqc.html
[2021-04-19 08:59:44,338] multiqc                                            [DEBUG  ]  File ignored by rseqc/bam_stat because it exceeded search pattern filesize limit: SRR6714074_1_fastqc.html
[2021-04-19 08:59:44,338] multiqc                                            [DEBUG  ]  File ignored by rseqc/junction_annotation because it exceeded search pattern filesize limit: SRR6714074_1_fastqc.html
[2021-04-19 08:59:44,338] multiqc                                            [DEBUG  ]  File ignored by rseqc/read_distribution because it exceeded search pattern filesize limit: SRR6714074_1_fastqc.html
[2021-04-19 08:59:44,339] multiqc                                            [DEBUG  ]  File ignored by rseqc/infer_experiment because it exceeded search pattern filesize limit: SRR6714074_1_fastqc.html
[2021-04-19 08:59:44,390] multiqc                                            [DEBUG  ]  File ignored by hicexplorer because it exceeded search pattern filesize limit: SRR6714088_1_fastqc.html
[2021-04-19 08:59:44,391] multiqc                                            [DEBUG  ]  File ignored by longranger/invocation because it exceeded search pattern filesize limit: SRR6714088_1_fastqc.html
[2021-04-19 08:59:44,391] multiqc                                            [DEBUG  ]  File ignored by rockhopper because it exceeded search pattern filesize limit: SRR6714088_1_fastqc.html
[2021-04-19 08:59:44,391] multiqc                                            [DEBUG  ]  File ignored by rseqc/bam_stat because it exceeded search pattern filesize limit: SRR6714088_1_fastqc.html
[2021-04-19 08:59:44,391] multiqc                                            [DEBUG  ]  File ignored by rseqc/junction_annotation because it exceeded search pattern filesize limit: SRR6714088_1_fastqc.html
[2021-04-19 08:59:44,391] multiqc                                            [DEBUG  ]  File ignored by rseqc/read_distribution because it exceeded search pattern filesize limit: SRR6714088_1_fastqc.html
[2021-04-19 08:59:44,391] multiqc                                            [DEBUG  ]  File ignored by rseqc/infer_experiment because it exceeded search pattern filesize limit: SRR6714088_1_fastqc.html
[2021-04-19 08:59:44,437] multiqc                                            [DEBUG  ]  File ignored by hicexplorer because it exceeded search pattern filesize limit: SRR6714098_1_fastqc.html
[2021-04-19 08:59:44,439] multiqc                                            [DEBUG  ]  File ignored by longranger/invocation because it exceeded search pattern filesize limit: SRR6714098_1_fastqc.html
[2021-04-19 08:59:44,439] multiqc                                            [DEBUG  ]  File ignored by rockhopper because it exceeded search pattern filesize limit: SRR6714098_1_fastqc.html
[2021-04-19 08:59:44,439] multiqc                                            [DEBUG  ]  File ignored by rseqc/bam_stat because it exceeded search pattern filesize limit: SRR6714098_1_fastqc.html
[2021-04-19 08:59:44,439] multiqc                                            [DEBUG  ]  File ignored by rseqc/junction_annotation because it exceeded search pattern filesize limit: SRR6714098_1_fastqc.html
[2021-04-19 08:59:44,439] multiqc                                            [DEBUG  ]  File ignored by rseqc/read_distribution because it exceeded search pattern filesize limit: SRR6714098_1_fastqc.html
[2021-04-19 08:59:44,439] multiqc                                            [DEBUG  ]  File ignored by rseqc/infer_experiment because it exceeded search pattern filesize limit: SRR6714098_1_fastqc.html
[2021-04-19 08:59:44,486] multiqc                                            [DEBUG  ]  File ignored by hicexplorer because it exceeded search pattern filesize limit: SRR6714079_2_fastqc.html
[2021-04-19 08:59:44,487] multiqc                                            [DEBUG  ]  File ignored by longranger/invocation because it exceeded search pattern filesize limit: SRR6714079_2_fastqc.html
[2021-04-19 08:59:44,487] multiqc                                            [DEBUG  ]  File ignored by rockhopper because it exceeded search pattern filesize limit: SRR6714079_2_fastqc.html
[2021-04-19 08:59:44,487] multiqc                                            [DEBUG  ]  File ignored by rseqc/bam_stat because it exceeded search pattern filesize limit: SRR6714079_2_fastqc.html
[2021-04-19 08:59:44,487] multiqc                                            [DEBUG  ]  File ignored by rseqc/junction_annotation because it exceeded search pattern filesize limit: SRR6714079_2_fastqc.html
[2021-04-19 08:59:44,487] multiqc                                            [DEBUG  ]  File ignored by rseqc/read_distribution because it exceeded search pattern filesize limit: SRR6714079_2_fastqc.html
[2021-04-19 08:59:44,487] multiqc                                            [DEBUG  ]  File ignored by rseqc/infer_experiment because it exceeded search pattern filesize limit: SRR6714079_2_fastqc.html
[2021-04-19 08:59:44,531] multiqc                                            [DEBUG  ]  File ignored by hicexplorer because it exceeded search pattern filesize limit: SRR6714078_2_fastqc.html
[2021-04-19 08:59:44,532] multiqc                                            [DEBUG  ]  File ignored by longranger/invocation because it exceeded search pattern filesize limit: SRR6714078_2_fastqc.html
[2021-04-19 08:59:44,532] multiqc                                            [DEBUG  ]  File ignored by rockhopper because it exceeded search pattern filesize limit: SRR6714078_2_fastqc.html
[2021-04-19 08:59:44,532] multiqc                                            [DEBUG  ]  File ignored by rseqc/bam_stat because it exceeded search pattern filesize limit: SRR6714078_2_fastqc.html
[2021-04-19 08:59:44,532] multiqc                                            [DEBUG  ]  File ignored by rseqc/junction_annotation because it exceeded search pattern filesize limit: SRR6714078_2_fastqc.html
[2021-04-19 08:59:44,532] multiqc                                            [DEBUG  ]  File ignored by rseqc/read_distribution because it exceeded search pattern filesize limit: SRR6714078_2_fastqc.html
[2021-04-19 08:59:44,532] multiqc                                            [DEBUG  ]  File ignored by rseqc/infer_experiment because it exceeded search pattern filesize limit: SRR6714078_2_fastqc.html
[2021-04-19 08:59:44,588] multiqc                                            [DEBUG  ]  File ignored by hicexplorer because it exceeded search pattern filesize limit: SRR6714073_2_fastqc.html
[2021-04-19 08:59:44,591] multiqc                                            [DEBUG  ]  File ignored by longranger/invocation because it exceeded search pattern filesize limit: SRR6714073_2_fastqc.html
[2021-04-19 08:59:44,591] multiqc                                            [DEBUG  ]  File ignored by rockhopper because it exceeded search pattern filesize limit: SRR6714073_2_fastqc.html
[2021-04-19 08:59:44,591] multiqc                                            [DEBUG  ]  File ignored by rseqc/bam_stat because it exceeded search pattern filesize limit: SRR6714073_2_fastqc.html
[2021-04-19 08:59:44,591] multiqc                                            [DEBUG  ]  File ignored by rseqc/junction_annotation because it exceeded search pattern filesize limit: SRR6714073_2_fastqc.html
[2021-04-19 08:59:44,592] multiqc                                            [DEBUG  ]  File ignored by rseqc/read_distribution because it exceeded search pattern filesize limit: SRR6714073_2_fastqc.html
[2021-04-19 08:59:44,592] multiqc                                            [DEBUG  ]  File ignored by rseqc/infer_experiment because it exceeded search pattern filesize limit: SRR6714073_2_fastqc.html
[2021-04-19 08:59:44,718] multiqc                                            [DEBUG  ]  File ignored by hicexplorer because it exceeded search pattern filesize limit: SRR6714072_1_fastqc.html
[2021-04-19 08:59:44,719] multiqc                                            [DEBUG  ]  File ignored by longranger/invocation because it exceeded search pattern filesize limit: SRR6714072_1_fastqc.html
[2021-04-19 08:59:44,719] multiqc                                            [DEBUG  ]  File ignored by rockhopper because it exceeded search pattern filesize limit: SRR6714072_1_fastqc.html
[2021-04-19 08:59:44,719] multiqc                                            [DEBUG  ]  File ignored by rseqc/bam_stat because it exceeded search pattern filesize limit: SRR6714072_1_fastqc.html
[2021-04-19 08:59:44,719] multiqc                                            [DEBUG  ]  File ignored by rseqc/junction_annotation because it exceeded search pattern filesize limit: SRR6714072_1_fastqc.html
[2021-04-19 08:59:44,719] multiqc                                            [DEBUG  ]  File ignored by rseqc/read_distribution because it exceeded search pattern filesize limit: SRR6714072_1_fastqc.html
[2021-04-19 08:59:44,719] multiqc                                            [DEBUG  ]  File ignored by rseqc/infer_experiment because it exceeded search pattern filesize limit: SRR6714072_1_fastqc.html
[2021-04-19 08:59:44,776] multiqc                                            [DEBUG  ]  File ignored by hicexplorer because it exceeded search pattern filesize limit: SRR6714079_1_fastqc.html
[2021-04-19 08:59:44,777] multiqc                                            [DEBUG  ]  File ignored by longranger/invocation because it exceeded search pattern filesize limit: SRR6714079_1_fastqc.html
[2021-04-19 08:59:44,777] multiqc                                            [DEBUG  ]  File ignored by rockhopper because it exceeded search pattern filesize limit: SRR6714079_1_fastqc.html
[2021-04-19 08:59:44,777] multiqc                                            [DEBUG  ]  File ignored by rseqc/bam_stat because it exceeded search pattern filesize limit: SRR6714079_1_fastqc.html
[2021-04-19 08:59:44,777] multiqc                                            [DEBUG  ]  File ignored by rseqc/junction_annotation because it exceeded search pattern filesize limit: SRR6714079_1_fastqc.html
[2021-04-19 08:59:44,777] multiqc                                            [DEBUG  ]  File ignored by rseqc/read_distribution because it exceeded search pattern filesize limit: SRR6714079_1_fastqc.html
[2021-04-19 08:59:44,777] multiqc                                            [DEBUG  ]  File ignored by rseqc/infer_experiment because it exceeded search pattern filesize limit: SRR6714079_1_fastqc.html
[2021-04-19 08:59:44,845] multiqc                                            [DEBUG  ]  File ignored by hicexplorer because it exceeded search pattern filesize limit: SRR6714072_2_fastqc.html
[2021-04-19 08:59:44,847] multiqc                                            [DEBUG  ]  File ignored by longranger/invocation because it exceeded search pattern filesize limit: SRR6714072_2_fastqc.html
[2021-04-19 08:59:44,847] multiqc                                            [DEBUG  ]  File ignored by rockhopper because it exceeded search pattern filesize limit: SRR6714072_2_fastqc.html
[2021-04-19 08:59:44,847] multiqc                                            [DEBUG  ]  File ignored by rseqc/bam_stat because it exceeded search pattern filesize limit: SRR6714072_2_fastqc.html
[2021-04-19 08:59:44,847] multiqc                                            [DEBUG  ]  File ignored by rseqc/junction_annotation because it exceeded search pattern filesize limit: SRR6714072_2_fastqc.html
[2021-04-19 08:59:44,847] multiqc                                            [DEBUG  ]  File ignored by rseqc/read_distribution because it exceeded search pattern filesize limit: SRR6714072_2_fastqc.html
[2021-04-19 08:59:44,847] multiqc                                            [DEBUG  ]  File ignored by rseqc/infer_experiment because it exceeded search pattern filesize limit: SRR6714072_2_fastqc.html
[2021-04-19 08:59:44,894] multiqc                                            [DEBUG  ]  File ignored by hicexplorer because it exceeded search pattern filesize limit: SRR6714077_2_fastqc.html
[2021-04-19 08:59:44,895] multiqc                                            [DEBUG  ]  File ignored by longranger/invocation because it exceeded search pattern filesize limit: SRR6714077_2_fastqc.html
[2021-04-19 08:59:44,895] multiqc                                            [DEBUG  ]  File ignored by rockhopper because it exceeded search pattern filesize limit: SRR6714077_2_fastqc.html
[2021-04-19 08:59:44,895] multiqc                                            [DEBUG  ]  File ignored by rseqc/bam_stat because it exceeded search pattern filesize limit: SRR6714077_2_fastqc.html
[2021-04-19 08:59:44,895] multiqc                                            [DEBUG  ]  File ignored by rseqc/junction_annotation because it exceeded search pattern filesize limit: SRR6714077_2_fastqc.html
[2021-04-19 08:59:44,895] multiqc                                            [DEBUG  ]  File ignored by rseqc/read_distribution because it exceeded search pattern filesize limit: SRR6714077_2_fastqc.html
[2021-04-19 08:59:44,895] multiqc                                            [DEBUG  ]  File ignored by rseqc/infer_experiment because it exceeded search pattern filesize limit: SRR6714077_2_fastqc.html
[2021-04-19 08:59:44,952] multiqc                                            [DEBUG  ]  File ignored by hicexplorer because it exceeded search pattern filesize limit: SRR6714076_2_fastqc.html
[2021-04-19 08:59:44,954] multiqc                                            [DEBUG  ]  File ignored by longranger/invocation because it exceeded search pattern filesize limit: SRR6714076_2_fastqc.html
[2021-04-19 08:59:44,954] multiqc                                            [DEBUG  ]  File ignored by rockhopper because it exceeded search pattern filesize limit: SRR6714076_2_fastqc.html
[2021-04-19 08:59:44,954] multiqc                                            [DEBUG  ]  File ignored by rseqc/bam_stat because it exceeded search pattern filesize limit: SRR6714076_2_fastqc.html
[2021-04-19 08:59:44,954] multiqc                                            [DEBUG  ]  File ignored by rseqc/junction_annotation because it exceeded search pattern filesize limit: SRR6714076_2_fastqc.html
[2021-04-19 08:59:44,954] multiqc                                            [DEBUG  ]  File ignored by rseqc/read_distribution because it exceeded search pattern filesize limit: SRR6714076_2_fastqc.html
[2021-04-19 08:59:44,954] multiqc                                            [DEBUG  ]  File ignored by rseqc/infer_experiment because it exceeded search pattern filesize limit: SRR6714076_2_fastqc.html
[2021-04-19 08:59:45,001] multiqc                                            [DEBUG  ]  File ignored by hicexplorer because it exceeded search pattern filesize limit: SRR6714098_2_fastqc.html
[2021-04-19 08:59:45,002] multiqc                                            [DEBUG  ]  File ignored by longranger/invocation because it exceeded search pattern filesize limit: SRR6714098_2_fastqc.html
[2021-04-19 08:59:45,002] multiqc                                            [DEBUG  ]  File ignored by rockhopper because it exceeded search pattern filesize limit: SRR6714098_2_fastqc.html
[2021-04-19 08:59:45,002] multiqc                                            [DEBUG  ]  File ignored by rseqc/bam_stat because it exceeded search pattern filesize limit: SRR6714098_2_fastqc.html
[2021-04-19 08:59:45,002] multiqc                                            [DEBUG  ]  File ignored by rseqc/junction_annotation because it exceeded search pattern filesize limit: SRR6714098_2_fastqc.html
[2021-04-19 08:59:45,002] multiqc                                            [DEBUG  ]  File ignored by rseqc/read_distribution because it exceeded search pattern filesize limit: SRR6714098_2_fastqc.html
[2021-04-19 08:59:45,002] multiqc                                            [DEBUG  ]  File ignored by rseqc/infer_experiment because it exceeded search pattern filesize limit: SRR6714098_2_fastqc.html
[2021-04-19 08:59:45,048] multiqc                                            [DEBUG  ]  File ignored by hicexplorer because it exceeded search pattern filesize limit: SRR6714077_1_fastqc.html
[2021-04-19 08:59:45,049] multiqc                                            [DEBUG  ]  File ignored by longranger/invocation because it exceeded search pattern filesize limit: SRR6714077_1_fastqc.html
[2021-04-19 08:59:45,049] multiqc                                            [DEBUG  ]  File ignored by rockhopper because it exceeded search pattern filesize limit: SRR6714077_1_fastqc.html
[2021-04-19 08:59:45,049] multiqc                                            [DEBUG  ]  File ignored by rseqc/bam_stat because it exceeded search pattern filesize limit: SRR6714077_1_fastqc.html
[2021-04-19 08:59:45,049] multiqc                                            [DEBUG  ]  File ignored by rseqc/junction_annotation because it exceeded search pattern filesize limit: SRR6714077_1_fastqc.html
[2021-04-19 08:59:45,049] multiqc                                            [DEBUG  ]  File ignored by rseqc/read_distribution because it exceeded search pattern filesize limit: SRR6714077_1_fastqc.html
[2021-04-19 08:59:45,049] multiqc                                            [DEBUG  ]  File ignored by rseqc/infer_experiment because it exceeded search pattern filesize limit: SRR6714077_1_fastqc.html
[2021-04-19 08:59:45,106] multiqc                                            [DEBUG  ]  File ignored by hicexplorer because it exceeded search pattern filesize limit: SRR6714075_2_fastqc.html
[2021-04-19 08:59:45,107] multiqc                                            [DEBUG  ]  File ignored by longranger/invocation because it exceeded search pattern filesize limit: SRR6714075_2_fastqc.html
[2021-04-19 08:59:45,107] multiqc                                            [DEBUG  ]  File ignored by rockhopper because it exceeded search pattern filesize limit: SRR6714075_2_fastqc.html
[2021-04-19 08:59:45,107] multiqc                                            [DEBUG  ]  File ignored by rseqc/bam_stat because it exceeded search pattern filesize limit: SRR6714075_2_fastqc.html
[2021-04-19 08:59:45,107] multiqc                                            [DEBUG  ]  File ignored by rseqc/junction_annotation because it exceeded search pattern filesize limit: SRR6714075_2_fastqc.html
[2021-04-19 08:59:45,107] multiqc                                            [DEBUG  ]  File ignored by rseqc/read_distribution because it exceeded search pattern filesize limit: SRR6714075_2_fastqc.html
[2021-04-19 08:59:45,107] multiqc                                            [DEBUG  ]  File ignored by rseqc/infer_experiment because it exceeded search pattern filesize limit: SRR6714075_2_fastqc.html
[2021-04-19 08:59:45,163] multiqc                                            [DEBUG  ]  File ignored by hicexplorer because it exceeded search pattern filesize limit: SRR6714073_1_fastqc.html
[2021-04-19 08:59:45,164] multiqc                                            [DEBUG  ]  File ignored by longranger/invocation because it exceeded search pattern filesize limit: SRR6714073_1_fastqc.html
[2021-04-19 08:59:45,165] multiqc                                            [DEBUG  ]  File ignored by rockhopper because it exceeded search pattern filesize limit: SRR6714073_1_fastqc.html
[2021-04-19 08:59:45,165] multiqc                                            [DEBUG  ]  File ignored by rseqc/bam_stat because it exceeded search pattern filesize limit: SRR6714073_1_fastqc.html
[2021-04-19 08:59:45,165] multiqc                                            [DEBUG  ]  File ignored by rseqc/junction_annotation because it exceeded search pattern filesize limit: SRR6714073_1_fastqc.html
[2021-04-19 08:59:45,165] multiqc                                            [DEBUG  ]  File ignored by rseqc/read_distribution because it exceeded search pattern filesize limit: SRR6714073_1_fastqc.html
[2021-04-19 08:59:45,165] multiqc                                            [DEBUG  ]  File ignored by rseqc/infer_experiment because it exceeded search pattern filesize limit: SRR6714073_1_fastqc.html
[2021-04-19 08:59:45,215] multiqc                                            [DEBUG  ]  File ignored by hicexplorer because it exceeded search pattern filesize limit: SRR6714088_2_fastqc.html
[2021-04-19 08:59:45,216] multiqc                                            [DEBUG  ]  File ignored by longranger/invocation because it exceeded search pattern filesize limit: SRR6714088_2_fastqc.html
[2021-04-19 08:59:45,216] multiqc                                            [DEBUG  ]  File ignored by rockhopper because it exceeded search pattern filesize limit: SRR6714088_2_fastqc.html
[2021-04-19 08:59:45,217] multiqc                                            [DEBUG  ]  File ignored by rseqc/bam_stat because it exceeded search pattern filesize limit: SRR6714088_2_fastqc.html
[2021-04-19 08:59:45,217] multiqc                                            [DEBUG  ]  File ignored by rseqc/junction_annotation because it exceeded search pattern filesize limit: SRR6714088_2_fastqc.html
[2021-04-19 08:59:45,217] multiqc                                            [DEBUG  ]  File ignored by rseqc/read_distribution because it exceeded search pattern filesize limit: SRR6714088_2_fastqc.html
[2021-04-19 08:59:45,217] multiqc                                            [DEBUG  ]  File ignored by rseqc/infer_experiment because it exceeded search pattern filesize limit: SRR6714088_2_fastqc.html
[2021-04-19 08:59:45,271] multiqc                                            [DEBUG  ]  File ignored by hicexplorer because it exceeded search pattern filesize limit: SRR6714074_2_fastqc.html
[2021-04-19 08:59:45,272] multiqc                                            [DEBUG  ]  File ignored by longranger/invocation because it exceeded search pattern filesize limit: SRR6714074_2_fastqc.html
[2021-04-19 08:59:45,272] multiqc                                            [DEBUG  ]  File ignored by rockhopper because it exceeded search pattern filesize limit: SRR6714074_2_fastqc.html
[2021-04-19 08:59:45,272] multiqc                                            [DEBUG  ]  File ignored by rseqc/bam_stat because it exceeded search pattern filesize limit: SRR6714074_2_fastqc.html
[2021-04-19 08:59:45,272] multiqc                                            [DEBUG  ]  File ignored by rseqc/junction_annotation because it exceeded search pattern filesize limit: SRR6714074_2_fastqc.html
[2021-04-19 08:59:45,272] multiqc                                            [DEBUG  ]  File ignored by rseqc/read_distribution because it exceeded search pattern filesize limit: SRR6714074_2_fastqc.html
[2021-04-19 08:59:45,272] multiqc                                            [DEBUG  ]  File ignored by rseqc/infer_experiment because it exceeded search pattern filesize limit: SRR6714074_2_fastqc.html
[2021-04-19 08:59:47,788] multiqc.plots.bargraph                             [DEBUG  ]  Using matplotlib version 3.4.1
[2021-04-19 08:59:47,797] multiqc.plots.linegraph                            [DEBUG  ]  Using matplotlib version 3.4.1
[2021-04-19 08:59:47,812] multiqc                                            [DEBUG  ]  No samples found: custom_content
[2021-04-19 08:59:47,844] multiqc                                            [DEBUG  ]  No samples found: ngsderive
[2021-04-19 08:59:47,869] multiqc                                            [DEBUG  ]  No samples found: purple
[2021-04-19 08:59:47,888] multiqc                                            [DEBUG  ]  No samples found: conpair
[2021-04-19 08:59:47,900] multiqc                                            [DEBUG  ]  No samples found: peddy
[2021-04-19 08:59:47,909] multiqc                                            [DEBUG  ]  No samples found: somalier
[2021-04-19 08:59:47,921] multiqc                                            [DEBUG  ]  No samples found: methylQA
[2021-04-19 08:59:47,944] multiqc                                            [DEBUG  ]  No samples found: mosdepth
[2021-04-19 08:59:47,949] multiqc                                            [DEBUG  ]  No samples found: phantompeakqualtools
[2021-04-19 08:59:47,953] multiqc                                            [DEBUG  ]  No samples found: qualimap
[2021-04-19 08:59:47,964] multiqc                                            [DEBUG  ]  No samples found: preseq
[2021-04-19 08:59:47,973] multiqc                                            [DEBUG  ]  No samples found: quast
[2021-04-19 08:59:47,977] multiqc                                            [DEBUG  ]  No samples found: qorts
[2021-04-19 08:59:47,981] multiqc                                            [DEBUG  ]  No samples found: rna_seqc
[2021-04-19 08:59:47,985] multiqc                                            [DEBUG  ]  No samples found: rockhopper
[2021-04-19 08:59:47,989] multiqc                                            [DEBUG  ]  No samples found: rsem
[2021-04-19 08:59:47,999] multiqc                                            [DEBUG  ]  No samples found: rseqc
[2021-04-19 08:59:48,002] multiqc                                            [DEBUG  ]  No samples found: busco
[2021-04-19 08:59:48,012] multiqc                                            [DEBUG  ]  No samples found: goleft_indexcov
[2021-04-19 08:59:48,015] multiqc                                            [DEBUG  ]  No samples found: disambiguate
[2021-04-19 08:59:48,018] multiqc                                            [DEBUG  ]  No samples found: supernova
[2021-04-19 08:59:48,024] multiqc                                            [DEBUG  ]  No samples found: deeptools
[2021-04-19 08:59:48,027] multiqc                                            [DEBUG  ]  No samples found: sargasso
[2021-04-19 08:59:48,029] multiqc                                            [DEBUG  ]  No samples found: verifybamid
[2021-04-19 08:59:48,032] multiqc                                            [DEBUG  ]  No samples found: mirtrace
[2021-04-19 08:59:48,035] multiqc                                            [DEBUG  ]  No samples found: happy
[2021-04-19 08:59:48,038] multiqc                                            [DEBUG  ]  No samples found: mirtop
[2021-04-19 08:59:48,041] multiqc                                            [DEBUG  ]  No samples found: homer
[2021-04-19 08:59:48,044] multiqc                                            [DEBUG  ]  No samples found: hops
[2021-04-19 08:59:48,047] multiqc                                            [DEBUG  ]  No samples found: macs2
[2021-04-19 08:59:48,049] multiqc                                            [DEBUG  ]  No samples found: theta2
[2021-04-19 08:59:48,052] multiqc                                            [DEBUG  ]  No samples found: snpeff
[2021-04-19 08:59:48,055] multiqc                                            [DEBUG  ]  No samples found: gatk
[2021-04-19 08:59:48,058] multiqc                                            [DEBUG  ]  No samples found: htseq
[2021-04-19 08:59:48,061] multiqc                                            [DEBUG  ]  No samples found: bcftools
[2021-04-19 08:59:48,064] multiqc                                            [DEBUG  ]  No samples found: featureCounts
[2021-04-19 08:59:48,107] multiqc                                            [DEBUG  ]  No samples found: fgbio
[2021-04-19 08:59:48,127] multiqc                                            [DEBUG  ]  No samples found: dragen
[2021-04-19 08:59:48,136] multiqc                                            [DEBUG  ]  No samples found: dedup
[2021-04-19 08:59:48,143] multiqc                                            [DEBUG  ]  No samples found: damageprofiler
[2021-04-19 08:59:48,154] multiqc                                            [DEBUG  ]  No samples found: biobambam2
[2021-04-19 08:59:48,158] multiqc                                            [DEBUG  ]  No samples found: jcvi
[2021-04-19 08:59:48,161] multiqc                                            [DEBUG  ]  No samples found: mtnucratio
[2021-04-19 08:59:48,164] multiqc                                            [DEBUG  ]  No samples found: picard
[2021-04-19 08:59:48,168] multiqc                                            [DEBUG  ]  No samples found: sentieon
[2021-04-19 08:59:48,170] multiqc                                            [DEBUG  ]  No samples found: prokka
[2021-04-19 08:59:48,173] multiqc                                            [DEBUG  ]  No samples found: qc3C
[2021-04-19 08:59:48,176] multiqc                                            [DEBUG  ]  No samples found: samblaster
[2021-04-19 08:59:48,179] multiqc                                            [DEBUG  ]  No samples found: samtools
[2021-04-19 08:59:48,182] multiqc                                            [DEBUG  ]  No samples found: sexdeterrmine
[2021-04-19 08:59:48,185] multiqc                                            [DEBUG  ]  No samples found: eigenstratdatabasetools
[2021-04-19 08:59:48,188] multiqc                                            [DEBUG  ]  No samples found: bamtools
[2021-04-19 08:59:48,190] multiqc                                            [DEBUG  ]  No samples found: jellyfish
[2021-04-19 08:59:48,194] multiqc                                            [DEBUG  ]  No samples found: vcftools
[2021-04-19 08:59:48,197] multiqc                                            [DEBUG  ]  No samples found: longranger
[2021-04-19 08:59:48,199] multiqc                                            [DEBUG  ]  No samples found: stacks
[2021-04-19 08:59:48,202] multiqc                                            [DEBUG  ]  No samples found: varscan2
[2021-04-19 08:59:48,207] multiqc                                            [DEBUG  ]  No samples found: bbmap
[2021-04-19 08:59:48,210] multiqc                                            [DEBUG  ]  No samples found: bismark
[2021-04-19 08:59:48,231] multiqc                                            [DEBUG  ]  No samples found: biscuit
[2021-04-19 08:59:48,234] multiqc                                            [DEBUG  ]  No samples found: hicexplorer
[2021-04-19 08:59:48,237] multiqc                                            [DEBUG  ]  No samples found: hicup
[2021-04-19 08:59:48,240] multiqc                                            [DEBUG  ]  No samples found: hicpro
[2021-04-19 08:59:48,242] multiqc                                            [DEBUG  ]  No samples found: salmon
[2021-04-19 08:59:48,245] multiqc                                            [DEBUG  ]  No samples found: kallisto
[2021-04-19 08:59:48,248] multiqc                                            [DEBUG  ]  No samples found: slamdunk
[2021-04-19 08:59:48,251] multiqc                                            [DEBUG  ]  No samples found: star
[2021-04-19 08:59:48,253] multiqc                                            [DEBUG  ]  No samples found: hisat2
[2021-04-19 08:59:48,257] multiqc                                            [DEBUG  ]  No samples found: tophat
[2021-04-19 08:59:48,260] multiqc                                            [DEBUG  ]  No samples found: bowtie2
[2021-04-19 08:59:48,262] multiqc                                            [DEBUG  ]  No samples found: bowtie1
[2021-04-19 08:59:48,265] multiqc                                            [DEBUG  ]  No samples found: snpsplit
[2021-04-19 08:59:48,268] multiqc                                            [DEBUG  ]  No samples found: kat
[2021-04-19 08:59:48,270] multiqc                                            [DEBUG  ]  No samples found: leehom
[2021-04-19 08:59:48,273] multiqc                                            [DEBUG  ]  No samples found: adapterRemoval
[2021-04-19 08:59:48,276] multiqc                                            [DEBUG  ]  No samples found: clipandmerge
[2021-04-19 08:59:48,278] multiqc                                            [DEBUG  ]  No samples found: cutadapt
[2021-04-19 08:59:48,281] multiqc                                            [DEBUG  ]  No samples found: flexbar
[2021-04-19 08:59:48,284] multiqc                                            [DEBUG  ]  No samples found: kaiju
[2021-04-19 08:59:48,287] multiqc                                            [DEBUG  ]  No samples found: kraken
[2021-04-19 08:59:48,289] multiqc                                            [DEBUG  ]  No samples found: malt
[2021-04-19 08:59:48,292] multiqc                                            [DEBUG  ]  No samples found: trimmomatic
[2021-04-19 08:59:48,295] multiqc                                            [DEBUG  ]  No samples found: sickle
[2021-04-19 08:59:48,297] multiqc                                            [DEBUG  ]  No samples found: skewer
[2021-04-19 08:59:48,300] multiqc                                            [DEBUG  ]  No samples found: sortmerna
[2021-04-19 08:59:48,303] multiqc                                            [DEBUG  ]  No samples found: biobloomtools
[2021-04-19 08:59:48,305] multiqc                                            [DEBUG  ]  No samples found: fastq_screen
[2021-04-19 08:59:48,308] multiqc                                            [DEBUG  ]  No samples found: afterqc
[2021-04-19 08:59:48,311] multiqc                                            [DEBUG  ]  No samples found: fastp
[2021-04-19 08:59:48,709] multiqc.modules.fastqc.fastqc                      [INFO   ]  Found 20 reports
[2021-04-19 08:59:48,950] multiqc                                            [DEBUG  ]  No samples found: pychopper
[2021-04-19 08:59:48,953] multiqc                                            [DEBUG  ]  No samples found: pycoqc
[2021-04-19 08:59:48,956] multiqc                                            [DEBUG  ]  No samples found: minionqc
[2021-04-19 08:59:48,958] multiqc                                            [DEBUG  ]  No samples found: multivcfanalyzer
[2021-04-19 08:59:48,961] multiqc                                            [DEBUG  ]  No samples found: clusterflow
[2021-04-19 08:59:48,964] multiqc                                            [DEBUG  ]  No samples found: bcl2fastq
[2021-04-19 08:59:48,967] multiqc                                            [DEBUG  ]  No samples found: interop
[2021-04-19 08:59:48,970] multiqc                                            [DEBUG  ]  No samples found: ivar
[2021-04-19 08:59:48,972] multiqc                                            [DEBUG  ]  No samples found: flash
[2021-04-19 08:59:48,975] multiqc                                            [DEBUG  ]  No samples found: seqyclean
[2021-04-19 08:59:48,978] multiqc                                            [DEBUG  ]  No samples found: optitype
[2021-04-19 08:59:48,994] multiqc                                            [INFO   ]  Compressing plot data
[2021-04-19 08:59:49,218] multiqc                                            [INFO   ]  Report      : multiqc_report.html
[2021-04-19 08:59:49,218] multiqc                                            [INFO   ]  Data        : multiqc_data
[2021-04-19 08:59:49,218] multiqc                                            [DEBUG  ]  Moving data file from '/tmp/tmparnnb27p/multiqc_data' to '/home/erubio/Documentos/UOCMaster/PRJNA307231/fastqc/multiqc_data'
[2021-04-19 08:59:49,407] multiqc                                            [INFO   ]  MultiQC complete
