[2021-03-23 09:24:48,808] multiqc                                            [DEBUG  ]  No MultiQC config found: /home/erubio/miniconda3/lib/python3.7/site-packages/multiqc_config.yaml
[2021-03-23 09:24:48,808] multiqc                                            [DEBUG  ]  No MultiQC config found: /home/erubio/.multiqc_config.yaml
[2021-03-23 09:24:48,808] multiqc                                            [DEBUG  ]  No MultiQC config found: multiqc_config.yaml
[2021-03-23 09:24:48,808] multiqc                                            [DEBUG  ]  Command used: /home/erubio/miniconda3/bin/multiqc .
[2021-03-23 09:24:49,065] multiqc                                            [DEBUG  ]  Latest MultiQC version is v1.10
[2021-03-23 09:24:49,065] multiqc                                            [INFO   ]  This is MultiQC v1.10
[2021-03-23 09:24:49,065] multiqc                                            [DEBUG  ]  Command     : /home/erubio/miniconda3/bin/multiqc .
[2021-03-23 09:24:49,065] multiqc                                            [DEBUG  ]  Working dir : /home/erubio/Documentos/Repos/UOC-Master/RTC_quality
[2021-03-23 09:24:49,065] multiqc                                            [INFO   ]  Template    : default
[2021-03-23 09:24:49,066] multiqc                                            [DEBUG  ]  Running Python 3.7.4 (default, Aug 13 2019, 20:35:49)  [GCC 7.3.0]
[2021-03-23 09:24:49,066] multiqc                                            [INFO   ]  Searching   : /home/erubio/Documentos/Repos/UOC-Master/RTC_quality
[2021-03-23 09:24:49,067] multiqc                                            [DEBUG  ]  Analysing modules: custom_content, ngsderive, purple, conpair, peddy, somalier, methylQA, mosdepth, phantompeakqualtools, qualimap, preseq, quast, qorts, rna_seqc, rockhopper, rsem, rseqc, busco, goleft_indexcov, disambiguate, supernova, deeptools, sargasso, verifybamid, mirtrace, happy, mirtop, homer, hops, macs2, theta2, snpeff, gatk, htseq, bcftools, featureCounts, fgbio, dragen, dedup, damageprofiler, biobambam2, jcvi, mtnucratio, picard, sentieon, prokka, qc3C, samblaster, samtools, sexdeterrmine, eigenstratdatabasetools, bamtools, jellyfish, vcftools, longranger, stacks, varscan2, bbmap, bismark, biscuit, hicexplorer, hicup, hicpro, salmon, kallisto, slamdunk, star, hisat2, tophat, bowtie2, bowtie1, snpsplit, kat, leehom, adapterRemoval, clipandmerge, cutadapt, flexbar, kaiju, kraken, malt, trimmomatic, sickle, skewer, sortmerna, biobloomtools, fastq_screen, afterqc, fastp, fastqc, pychopper, pycoqc, minionqc, multivcfanalyzer, clusterflow, bcl2fastq, interop, ivar, flash, seqyclean, optitype
[2021-03-23 09:24:49,067] multiqc                                            [DEBUG  ]  Using temporary directory for creating report: /tmp/tmprg7kb0dq
[2021-03-23 09:24:49,191] multiqc                                            [DEBUG  ]  File ignored by hicexplorer because it exceeded search pattern filesize limit: RTC_149_R2_fastqc.html
[2021-03-23 09:24:49,193] multiqc                                            [DEBUG  ]  File ignored by longranger/invocation because it exceeded search pattern filesize limit: RTC_149_R2_fastqc.html
[2021-03-23 09:24:49,193] multiqc                                            [DEBUG  ]  File ignored by rockhopper because it exceeded search pattern filesize limit: RTC_149_R2_fastqc.html
[2021-03-23 09:24:49,193] multiqc                                            [DEBUG  ]  File ignored by rseqc/bam_stat because it exceeded search pattern filesize limit: RTC_149_R2_fastqc.html
[2021-03-23 09:24:49,193] multiqc                                            [DEBUG  ]  File ignored by rseqc/junction_annotation because it exceeded search pattern filesize limit: RTC_149_R2_fastqc.html
[2021-03-23 09:24:49,193] multiqc                                            [DEBUG  ]  File ignored by rseqc/read_distribution because it exceeded search pattern filesize limit: RTC_149_R2_fastqc.html
[2021-03-23 09:24:49,193] multiqc                                            [DEBUG  ]  File ignored by rseqc/infer_experiment because it exceeded search pattern filesize limit: RTC_149_R2_fastqc.html
[2021-03-23 09:24:49,235] multiqc                                            [DEBUG  ]  File ignored by hicexplorer because it exceeded search pattern filesize limit: filtered_RTC_149_R2_fastqc.html
[2021-03-23 09:24:49,236] multiqc                                            [DEBUG  ]  File ignored by longranger/invocation because it exceeded search pattern filesize limit: filtered_RTC_149_R2_fastqc.html
[2021-03-23 09:24:49,236] multiqc                                            [DEBUG  ]  File ignored by rockhopper because it exceeded search pattern filesize limit: filtered_RTC_149_R2_fastqc.html
[2021-03-23 09:24:49,236] multiqc                                            [DEBUG  ]  File ignored by rseqc/bam_stat because it exceeded search pattern filesize limit: filtered_RTC_149_R2_fastqc.html
[2021-03-23 09:24:49,236] multiqc                                            [DEBUG  ]  File ignored by rseqc/junction_annotation because it exceeded search pattern filesize limit: filtered_RTC_149_R2_fastqc.html
[2021-03-23 09:24:49,236] multiqc                                            [DEBUG  ]  File ignored by rseqc/read_distribution because it exceeded search pattern filesize limit: filtered_RTC_149_R2_fastqc.html
[2021-03-23 09:24:49,236] multiqc                                            [DEBUG  ]  File ignored by rseqc/infer_experiment because it exceeded search pattern filesize limit: filtered_RTC_149_R2_fastqc.html
[2021-03-23 09:24:49,274] multiqc                                            [DEBUG  ]  Ignoring file as matched an ignore pattern: fastp.html
[2021-03-23 09:24:49,278] multiqc                                            [DEBUG  ]  File ignored by hicexplorer because it exceeded search pattern filesize limit: filtered_RTC_149_R1_fastqc.html
[2021-03-23 09:24:49,279] multiqc                                            [DEBUG  ]  File ignored by longranger/invocation because it exceeded search pattern filesize limit: filtered_RTC_149_R1_fastqc.html
[2021-03-23 09:24:49,279] multiqc                                            [DEBUG  ]  File ignored by rockhopper because it exceeded search pattern filesize limit: filtered_RTC_149_R1_fastqc.html
[2021-03-23 09:24:49,279] multiqc                                            [DEBUG  ]  File ignored by rseqc/bam_stat because it exceeded search pattern filesize limit: filtered_RTC_149_R1_fastqc.html
[2021-03-23 09:24:49,279] multiqc                                            [DEBUG  ]  File ignored by rseqc/junction_annotation because it exceeded search pattern filesize limit: filtered_RTC_149_R1_fastqc.html
[2021-03-23 09:24:49,279] multiqc                                            [DEBUG  ]  File ignored by rseqc/read_distribution because it exceeded search pattern filesize limit: filtered_RTC_149_R1_fastqc.html
[2021-03-23 09:24:49,279] multiqc                                            [DEBUG  ]  File ignored by rseqc/infer_experiment because it exceeded search pattern filesize limit: filtered_RTC_149_R1_fastqc.html
[2021-03-23 09:24:49,320] multiqc                                            [DEBUG  ]  File ignored by hicexplorer because it exceeded search pattern filesize limit: filtered2_RTC_149_R2_fastqc.html
[2021-03-23 09:24:49,321] multiqc                                            [DEBUG  ]  File ignored by longranger/invocation because it exceeded search pattern filesize limit: filtered2_RTC_149_R2_fastqc.html
[2021-03-23 09:24:49,321] multiqc                                            [DEBUG  ]  File ignored by rockhopper because it exceeded search pattern filesize limit: filtered2_RTC_149_R2_fastqc.html
[2021-03-23 09:24:49,321] multiqc                                            [DEBUG  ]  File ignored by rseqc/bam_stat because it exceeded search pattern filesize limit: filtered2_RTC_149_R2_fastqc.html
[2021-03-23 09:24:49,321] multiqc                                            [DEBUG  ]  File ignored by rseqc/junction_annotation because it exceeded search pattern filesize limit: filtered2_RTC_149_R2_fastqc.html
[2021-03-23 09:24:49,321] multiqc                                            [DEBUG  ]  File ignored by rseqc/read_distribution because it exceeded search pattern filesize limit: filtered2_RTC_149_R2_fastqc.html
[2021-03-23 09:24:49,321] multiqc                                            [DEBUG  ]  File ignored by rseqc/infer_experiment because it exceeded search pattern filesize limit: filtered2_RTC_149_R2_fastqc.html
[2021-03-23 09:24:49,360] multiqc                                            [DEBUG  ]  File ignored by hicexplorer because it exceeded search pattern filesize limit: filtered2_RTC_149_R1_fastqc.html
[2021-03-23 09:24:49,361] multiqc                                            [DEBUG  ]  File ignored by longranger/invocation because it exceeded search pattern filesize limit: filtered2_RTC_149_R1_fastqc.html
[2021-03-23 09:24:49,361] multiqc                                            [DEBUG  ]  File ignored by rockhopper because it exceeded search pattern filesize limit: filtered2_RTC_149_R1_fastqc.html
[2021-03-23 09:24:49,361] multiqc                                            [DEBUG  ]  File ignored by rseqc/bam_stat because it exceeded search pattern filesize limit: filtered2_RTC_149_R1_fastqc.html
[2021-03-23 09:24:49,361] multiqc                                            [DEBUG  ]  File ignored by rseqc/junction_annotation because it exceeded search pattern filesize limit: filtered2_RTC_149_R1_fastqc.html
[2021-03-23 09:24:49,361] multiqc                                            [DEBUG  ]  File ignored by rseqc/read_distribution because it exceeded search pattern filesize limit: filtered2_RTC_149_R1_fastqc.html
[2021-03-23 09:24:49,361] multiqc                                            [DEBUG  ]  File ignored by rseqc/infer_experiment because it exceeded search pattern filesize limit: filtered2_RTC_149_R1_fastqc.html
[2021-03-23 09:24:49,403] multiqc                                            [DEBUG  ]  File ignored by hicexplorer because it exceeded search pattern filesize limit: RTC_149_R1_fastqc.html
[2021-03-23 09:24:49,404] multiqc                                            [DEBUG  ]  File ignored by longranger/invocation because it exceeded search pattern filesize limit: RTC_149_R1_fastqc.html
[2021-03-23 09:24:49,404] multiqc                                            [DEBUG  ]  File ignored by rockhopper because it exceeded search pattern filesize limit: RTC_149_R1_fastqc.html
[2021-03-23 09:24:49,404] multiqc                                            [DEBUG  ]  File ignored by rseqc/bam_stat because it exceeded search pattern filesize limit: RTC_149_R1_fastqc.html
[2021-03-23 09:24:49,404] multiqc                                            [DEBUG  ]  File ignored by rseqc/junction_annotation because it exceeded search pattern filesize limit: RTC_149_R1_fastqc.html
[2021-03-23 09:24:49,404] multiqc                                            [DEBUG  ]  File ignored by rseqc/read_distribution because it exceeded search pattern filesize limit: RTC_149_R1_fastqc.html
[2021-03-23 09:24:49,404] multiqc                                            [DEBUG  ]  File ignored by rseqc/infer_experiment because it exceeded search pattern filesize limit: RTC_149_R1_fastqc.html
[2021-03-23 09:24:49,619] multiqc.plots.bargraph                             [DEBUG  ]  Using matplotlib version 3.3.4
[2021-03-23 09:24:49,619] multiqc.plots.linegraph                            [DEBUG  ]  Using matplotlib version 3.3.4
[2021-03-23 09:24:49,619] multiqc                                            [DEBUG  ]  No samples found: custom_content
[2021-03-23 09:24:49,622] multiqc                                            [DEBUG  ]  No samples found: ngsderive
[2021-03-23 09:24:49,625] multiqc                                            [DEBUG  ]  No samples found: purple
[2021-03-23 09:24:49,627] multiqc                                            [DEBUG  ]  No samples found: conpair
[2021-03-23 09:24:49,630] multiqc                                            [DEBUG  ]  No samples found: peddy
[2021-03-23 09:24:49,632] multiqc                                            [DEBUG  ]  No samples found: somalier
[2021-03-23 09:24:49,635] multiqc                                            [DEBUG  ]  No samples found: methylQA
[2021-03-23 09:24:49,638] multiqc                                            [DEBUG  ]  No samples found: mosdepth
[2021-03-23 09:24:49,640] multiqc                                            [DEBUG  ]  No samples found: phantompeakqualtools
[2021-03-23 09:24:49,643] multiqc                                            [DEBUG  ]  No samples found: qualimap
[2021-03-23 09:24:49,646] multiqc                                            [DEBUG  ]  No samples found: preseq
[2021-03-23 09:24:49,648] multiqc                                            [DEBUG  ]  No samples found: quast
[2021-03-23 09:24:49,651] multiqc                                            [DEBUG  ]  No samples found: qorts
[2021-03-23 09:24:49,653] multiqc                                            [DEBUG  ]  No samples found: rna_seqc
[2021-03-23 09:24:49,656] multiqc                                            [DEBUG  ]  No samples found: rockhopper
[2021-03-23 09:24:49,658] multiqc                                            [DEBUG  ]  No samples found: rsem
[2021-03-23 09:24:49,662] multiqc                                            [DEBUG  ]  No samples found: rseqc
[2021-03-23 09:24:49,664] multiqc                                            [DEBUG  ]  No samples found: busco
[2021-03-23 09:24:49,667] multiqc                                            [DEBUG  ]  No samples found: goleft_indexcov
[2021-03-23 09:24:49,670] multiqc                                            [DEBUG  ]  No samples found: disambiguate
[2021-03-23 09:24:49,672] multiqc                                            [DEBUG  ]  No samples found: supernova
[2021-03-23 09:24:49,676] multiqc                                            [DEBUG  ]  No samples found: deeptools
[2021-03-23 09:24:49,678] multiqc                                            [DEBUG  ]  No samples found: sargasso
[2021-03-23 09:24:49,681] multiqc                                            [DEBUG  ]  No samples found: verifybamid
[2021-03-23 09:24:49,684] multiqc                                            [DEBUG  ]  No samples found: mirtrace
[2021-03-23 09:24:49,686] multiqc                                            [DEBUG  ]  No samples found: happy
[2021-03-23 09:24:49,689] multiqc                                            [DEBUG  ]  No samples found: mirtop
[2021-03-23 09:24:49,692] multiqc                                            [DEBUG  ]  No samples found: homer
[2021-03-23 09:24:49,694] multiqc                                            [DEBUG  ]  No samples found: hops
[2021-03-23 09:24:49,697] multiqc                                            [DEBUG  ]  No samples found: macs2
[2021-03-23 09:24:49,699] multiqc                                            [DEBUG  ]  No samples found: theta2
[2021-03-23 09:24:49,702] multiqc                                            [DEBUG  ]  No samples found: snpeff
[2021-03-23 09:24:49,705] multiqc                                            [DEBUG  ]  No samples found: gatk
[2021-03-23 09:24:49,707] multiqc                                            [DEBUG  ]  No samples found: htseq
[2021-03-23 09:24:49,710] multiqc                                            [DEBUG  ]  No samples found: bcftools
[2021-03-23 09:24:49,713] multiqc                                            [DEBUG  ]  No samples found: featureCounts
[2021-03-23 09:24:49,716] multiqc                                            [DEBUG  ]  No samples found: fgbio
[2021-03-23 09:24:49,720] multiqc                                            [DEBUG  ]  No samples found: dragen
[2021-03-23 09:24:49,723] multiqc                                            [DEBUG  ]  No samples found: dedup
[2021-03-23 09:24:49,725] multiqc                                            [DEBUG  ]  No samples found: damageprofiler
[2021-03-23 09:24:49,730] multiqc                                            [DEBUG  ]  No samples found: biobambam2
[2021-03-23 09:24:49,733] multiqc                                            [DEBUG  ]  No samples found: jcvi
[2021-03-23 09:24:49,736] multiqc                                            [DEBUG  ]  No samples found: mtnucratio
[2021-03-23 09:24:49,738] multiqc                                            [DEBUG  ]  No samples found: picard
[2021-03-23 09:24:49,741] multiqc                                            [DEBUG  ]  No samples found: sentieon
[2021-03-23 09:24:49,743] multiqc                                            [DEBUG  ]  No samples found: prokka
[2021-03-23 09:24:49,746] multiqc                                            [DEBUG  ]  No samples found: qc3C
[2021-03-23 09:24:49,749] multiqc                                            [DEBUG  ]  No samples found: samblaster
[2021-03-23 09:24:49,752] multiqc                                            [DEBUG  ]  No samples found: samtools
[2021-03-23 09:24:49,754] multiqc                                            [DEBUG  ]  No samples found: sexdeterrmine
[2021-03-23 09:24:49,757] multiqc                                            [DEBUG  ]  No samples found: eigenstratdatabasetools
[2021-03-23 09:24:49,759] multiqc                                            [DEBUG  ]  No samples found: bamtools
[2021-03-23 09:24:49,762] multiqc                                            [DEBUG  ]  No samples found: jellyfish
[2021-03-23 09:24:49,765] multiqc                                            [DEBUG  ]  No samples found: vcftools
[2021-03-23 09:24:49,768] multiqc                                            [DEBUG  ]  No samples found: longranger
[2021-03-23 09:24:49,770] multiqc                                            [DEBUG  ]  No samples found: stacks
[2021-03-23 09:24:49,773] multiqc                                            [DEBUG  ]  No samples found: varscan2
[2021-03-23 09:24:49,776] multiqc                                            [DEBUG  ]  No samples found: bbmap
[2021-03-23 09:24:49,779] multiqc                                            [DEBUG  ]  No samples found: bismark
[2021-03-23 09:24:49,782] multiqc                                            [DEBUG  ]  No samples found: biscuit
[2021-03-23 09:24:49,784] multiqc                                            [DEBUG  ]  No samples found: hicexplorer
[2021-03-23 09:24:49,787] multiqc                                            [DEBUG  ]  No samples found: hicup
[2021-03-23 09:24:49,789] multiqc                                            [DEBUG  ]  No samples found: hicpro
[2021-03-23 09:24:49,792] multiqc                                            [DEBUG  ]  No samples found: salmon
[2021-03-23 09:24:49,794] multiqc                                            [DEBUG  ]  No samples found: kallisto
[2021-03-23 09:24:49,797] multiqc                                            [DEBUG  ]  No samples found: slamdunk
[2021-03-23 09:24:49,799] multiqc                                            [DEBUG  ]  No samples found: star
[2021-03-23 09:24:49,802] multiqc                                            [DEBUG  ]  No samples found: hisat2
[2021-03-23 09:24:49,804] multiqc                                            [DEBUG  ]  No samples found: tophat
[2021-03-23 09:24:49,807] multiqc                                            [DEBUG  ]  No samples found: bowtie2
[2021-03-23 09:24:49,809] multiqc                                            [DEBUG  ]  No samples found: bowtie1
[2021-03-23 09:24:49,812] multiqc                                            [DEBUG  ]  No samples found: snpsplit
[2021-03-23 09:24:49,814] multiqc                                            [DEBUG  ]  No samples found: kat
[2021-03-23 09:24:49,817] multiqc                                            [DEBUG  ]  No samples found: leehom
[2021-03-23 09:24:49,820] multiqc                                            [DEBUG  ]  No samples found: adapterRemoval
[2021-03-23 09:24:49,822] multiqc                                            [DEBUG  ]  No samples found: clipandmerge
[2021-03-23 09:24:49,825] multiqc                                            [DEBUG  ]  No samples found: cutadapt
[2021-03-23 09:24:49,827] multiqc                                            [DEBUG  ]  No samples found: flexbar
[2021-03-23 09:24:49,830] multiqc                                            [DEBUG  ]  No samples found: kaiju
[2021-03-23 09:24:49,833] multiqc                                            [DEBUG  ]  No samples found: kraken
[2021-03-23 09:24:49,835] multiqc                                            [DEBUG  ]  No samples found: malt
[2021-03-23 09:24:49,838] multiqc                                            [DEBUG  ]  No samples found: trimmomatic
[2021-03-23 09:24:49,840] multiqc                                            [DEBUG  ]  No samples found: sickle
[2021-03-23 09:24:49,843] multiqc                                            [DEBUG  ]  No samples found: skewer
[2021-03-23 09:24:49,845] multiqc                                            [DEBUG  ]  No samples found: sortmerna
[2021-03-23 09:24:49,848] multiqc                                            [DEBUG  ]  No samples found: biobloomtools
[2021-03-23 09:24:49,850] multiqc                                            [DEBUG  ]  No samples found: fastq_screen
[2021-03-23 09:24:49,853] multiqc                                            [DEBUG  ]  No samples found: afterqc
[2021-03-23 09:24:49,856] multiqc                                            [DEBUG  ]  No samples found: fastp
[2021-03-23 09:24:49,912] multiqc.modules.fastqc.fastqc                      [INFO   ]  Found 6 reports
[2021-03-23 09:24:49,958] multiqc                                            [DEBUG  ]  No samples found: pychopper
[2021-03-23 09:24:49,961] multiqc                                            [DEBUG  ]  No samples found: pycoqc
[2021-03-23 09:24:49,964] multiqc                                            [DEBUG  ]  No samples found: minionqc
[2021-03-23 09:24:49,966] multiqc                                            [DEBUG  ]  No samples found: multivcfanalyzer
[2021-03-23 09:24:49,969] multiqc                                            [DEBUG  ]  No samples found: clusterflow
[2021-03-23 09:24:49,971] multiqc                                            [DEBUG  ]  No samples found: bcl2fastq
[2021-03-23 09:24:49,974] multiqc                                            [DEBUG  ]  No samples found: interop
[2021-03-23 09:24:49,976] multiqc                                            [DEBUG  ]  No samples found: ivar
[2021-03-23 09:24:49,979] multiqc                                            [DEBUG  ]  No samples found: flash
[2021-03-23 09:24:49,981] multiqc                                            [DEBUG  ]  No samples found: seqyclean
[2021-03-23 09:24:49,984] multiqc                                            [DEBUG  ]  No samples found: optitype
[2021-03-23 09:24:49,989] multiqc                                            [INFO   ]  Compressing plot data
[2021-03-23 09:24:50,062] multiqc                                            [INFO   ]  Report      : multiqc_report.html
[2021-03-23 09:24:50,062] multiqc                                            [INFO   ]  Data        : multiqc_data
[2021-03-23 09:24:50,063] multiqc                                            [DEBUG  ]  Moving data file from '/tmp/tmprg7kb0dq/multiqc_data' to '/home/erubio/Documentos/Repos/UOC-Master/RTC_quality/multiqc_data'
[2021-03-23 09:24:50,162] multiqc                                            [INFO   ]  MultiQC complete
